INFO 2022-11-03 03:22:23,328 org.hibernate.validator.internal.util.Version- HV000001: Hibernate Validator 6.2.5.Final
INFO 2022-11-03 03:22:23,330 org.springframework.boot.StartupInfoLogger- Starting EmployeeServiceApplication using Java 11.0.16 on DESKTOP-EQ3BJ36 with PID 16228 (C:\Users\RAYYMAN TECH\Documents\GitHub\employee-service\target\classes started by RAYYMAN TECH in C:\Users\RAYYMAN TECH\Documents\GitHub\employee-service)
INFO 2022-11-03 03:22:23,334 org.springframework.boot.SpringApplication- No active profile set, falling back to 1 default profile: "default"
INFO 2022-11-03 03:22:23,929 org.springframework.data.repository.config.RepositoryConfigurationDelegate- Bootstrapping Spring Data JPA repositories in DEFAULT mode.
INFO 2022-11-03 03:22:23,929 org.springframework.data.repository.config.RepositoryConfigurationDelegate- Bootstrapping Spring Data JPA repositories in DEFAULT mode.
INFO 2022-11-03 03:22:23,964 org.springframework.data.repository.config.RepositoryConfigurationDelegate- Finished Spring Data repository scanning in 30 ms. Found 1 JPA repository interfaces.
INFO 2022-11-03 03:22:23,964 org.springframework.data.repository.config.RepositoryConfigurationDelegate- Finished Spring Data repository scanning in 30 ms. Found 1 JPA repository interfaces.
INFO 2022-11-03 03:22:24,298 org.springframework.boot.web.embedded.tomcat.TomcatWebServer- Tomcat initialized with port(s): 8080 (http)
INFO 2022-11-03 03:22:24,298 org.springframework.boot.web.embedded.tomcat.TomcatWebServer- Tomcat initialized with port(s): 8080 (http)
INFO 2022-11-03 03:22:24,304 org.apache.juli.logging.DirectJDKLog- Initializing ProtocolHandler ["http-nio-8080"]
INFO 2022-11-03 03:22:24,305 org.apache.juli.logging.DirectJDKLog- Starting service [Tomcat]
INFO 2022-11-03 03:22:24,305 org.apache.juli.logging.DirectJDKLog- Starting Servlet engine: [Apache Tomcat/9.0.65]
INFO 2022-11-03 03:22:24,382 org.apache.juli.logging.DirectJDKLog- Initializing Spring embedded WebApplicationContext
INFO 2022-11-03 03:22:24,383 org.springframework.boot.web.servlet.context.ServletWebServerApplicationContext- Root WebApplicationContext: initialization completed in 1015 ms
INFO 2022-11-03 03:22:24,383 org.springframework.boot.web.servlet.context.ServletWebServerApplicationContext- Root WebApplicationContext: initialization completed in 1015 ms
INFO 2022-11-03 03:22:24,452 org.hibernate.jpa.internal.util.LogHelper- HHH000204: Processing PersistenceUnitInfo [name: default]
INFO 2022-11-03 03:22:24,485 org.hibernate.Version- HHH000412: Hibernate ORM core version 5.6.11.Final
INFO 2022-11-03 03:22:24,577 org.hibernate.annotations.common.reflection.java.JavaReflectionManager- HCANN000001: Hibernate Commons Annotations {5.1.2.Final}
INFO 2022-11-03 03:22:24,641 com.zaxxer.hikari.HikariDataSource- HikariPool-1 - Starting...
INFO 2022-11-03 03:22:24,797 com.zaxxer.hikari.HikariDataSource- HikariPool-1 - Start completed.
INFO 2022-11-03 03:22:24,812 org.hibernate.dialect.Dialect- HHH000400: Using dialect: org.hibernate.dialect.MySQL8Dialect
INFO 2022-11-03 03:22:25,145 org.hibernate.engine.transaction.jta.platform.internal.JtaPlatformInitiator- HHH000490: Using JtaPlatform implementation: [org.hibernate.engine.transaction.jta.platform.internal.NoJtaPlatform]
INFO 2022-11-03 03:22:25,149 org.springframework.orm.jpa.AbstractEntityManagerFactoryBean- Initialized JPA EntityManagerFactory for persistence unit 'default'
INFO 2022-11-03 03:22:25,149 org.springframework.orm.jpa.AbstractEntityManagerFactoryBean- Initialized JPA EntityManagerFactory for persistence unit 'default'
WARN 2022-11-03 03:22:25,455 org.springframework.boot.autoconfigure.orm.jpa.JpaBaseConfiguration$JpaWebConfiguration- spring.jpa.open-in-view is enabled by default. Therefore, database queries may be performed during view rendering. Explicitly configure spring.jpa.open-in-view to disable this warning
WARN 2022-11-03 03:22:25,455 org.springframework.boot.autoconfigure.orm.jpa.JpaBaseConfiguration$JpaWebConfiguration- spring.jpa.open-in-view is enabled by default. Therefore, database queries may be performed during view rendering. Explicitly configure spring.jpa.open-in-view to disable this warning
INFO 2022-11-03 03:22:25,648 org.apache.juli.logging.DirectJDKLog- Starting ProtocolHandler ["http-nio-8080"]
INFO 2022-11-03 03:22:25,662 org.springframework.boot.web.embedded.tomcat.TomcatWebServer- Tomcat started on port(s): 8080 (http) with context path ''
INFO 2022-11-03 03:22:25,662 org.springframework.boot.web.embedded.tomcat.TomcatWebServer- Tomcat started on port(s): 8080 (http) with context path ''
INFO 2022-11-03 03:22:25,809 org.springframework.boot.StartupInfoLogger- Started EmployeeServiceApplication in 2.713 seconds (JVM running for 3.266)
INFO 2022-11-03 04:51:54,764 org.springframework.orm.jpa.AbstractEntityManagerFactoryBean- Closing JPA EntityManagerFactory for persistence unit 'default'
INFO 2022-11-03 04:51:54,764 org.springframework.orm.jpa.AbstractEntityManagerFactoryBean- Closing JPA EntityManagerFactory for persistence unit 'default'
INFO 2022-11-03 04:51:54,767 com.zaxxer.hikari.HikariDataSource- HikariPool-1 - Shutdown initiated...
INFO 2022-11-03 04:51:54,775 com.zaxxer.hikari.HikariDataSource- HikariPool-1 - Shutdown completed.
INFO 2022-11-03 04:52:01,357 org.hibernate.validator.internal.util.Version- HV000001: Hibernate Validator 6.2.5.Final
INFO 2022-11-03 04:52:01,357 org.springframework.boot.StartupInfoLogger- Starting EmployeeServiceApplication using Java 11.0.16 on DESKTOP-EQ3BJ36 with PID 9132 (C:\Users\RAYYMAN TECH\Documents\GitHub\employee-service\target\classes started by RAYYMAN TECH in C:\Users\RAYYMAN TECH\Documents\GitHub\employee-service)
INFO 2022-11-03 04:52:01,360 org.springframework.boot.SpringApplication- No active profile set, falling back to 1 default profile: "default"
INFO 2022-11-03 04:52:01,880 org.springframework.data.repository.config.RepositoryConfigurationDelegate- Bootstrapping Spring Data JPA repositories in DEFAULT mode.
INFO 2022-11-03 04:52:01,880 org.springframework.data.repository.config.RepositoryConfigurationDelegate- Bootstrapping Spring Data JPA repositories in DEFAULT mode.
INFO 2022-11-03 04:52:01,910 org.springframework.data.repository.config.RepositoryConfigurationDelegate- Finished Spring Data repository scanning in 24 ms. Found 1 JPA repository interfaces.
INFO 2022-11-03 04:52:01,910 org.springframework.data.repository.config.RepositoryConfigurationDelegate- Finished Spring Data repository scanning in 24 ms. Found 1 JPA repository interfaces.
INFO 2022-11-03 04:52:02,237 org.springframework.boot.web.embedded.tomcat.TomcatWebServer- Tomcat initialized with port(s): 8080 (http)
INFO 2022-11-03 04:52:02,237 org.springframework.boot.web.embedded.tomcat.TomcatWebServer- Tomcat initialized with port(s): 8080 (http)
INFO 2022-11-03 04:52:02,242 org.apache.juli.logging.DirectJDKLog- Initializing ProtocolHandler ["http-nio-8080"]
INFO 2022-11-03 04:52:02,242 org.apache.juli.logging.DirectJDKLog- Starting service [Tomcat]
INFO 2022-11-03 04:52:02,243 org.apache.juli.logging.DirectJDKLog- Starting Servlet engine: [Apache Tomcat/9.0.65]
INFO 2022-11-03 04:52:02,329 org.apache.juli.logging.DirectJDKLog- Initializing Spring embedded WebApplicationContext
INFO 2022-11-03 04:52:02,330 org.springframework.boot.web.servlet.context.ServletWebServerApplicationContext- Root WebApplicationContext: initialization completed in 942 ms
INFO 2022-11-03 04:52:02,330 org.springframework.boot.web.servlet.context.ServletWebServerApplicationContext- Root WebApplicationContext: initialization completed in 942 ms
INFO 2022-11-03 04:52:02,402 org.hibernate.jpa.internal.util.LogHelper- HHH000204: Processing PersistenceUnitInfo [name: default]
INFO 2022-11-03 04:52:02,425 org.hibernate.Version- HHH000412: Hibernate ORM core version 5.6.11.Final
INFO 2022-11-03 04:52:02,505 org.hibernate.annotations.common.reflection.java.JavaReflectionManager- HCANN000001: Hibernate Commons Annotations {5.1.2.Final}
INFO 2022-11-03 04:52:02,558 com.zaxxer.hikari.HikariDataSource- HikariPool-1 - Starting...
INFO 2022-11-03 04:52:02,742 com.zaxxer.hikari.HikariDataSource- HikariPool-1 - Start completed.
INFO 2022-11-03 04:52:02,752 org.hibernate.dialect.Dialect- HHH000400: Using dialect: org.hibernate.dialect.MySQL8Dialect
INFO 2022-11-03 04:52:03,157 org.hibernate.engine.transaction.jta.platform.internal.JtaPlatformInitiator- HHH000490: Using JtaPlatform implementation: [org.hibernate.engine.transaction.jta.platform.internal.NoJtaPlatform]
INFO 2022-11-03 04:52:03,165 org.springframework.orm.jpa.AbstractEntityManagerFactoryBean- Initialized JPA EntityManagerFactory for persistence unit 'default'
INFO 2022-11-03 04:52:03,165 org.springframework.orm.jpa.AbstractEntityManagerFactoryBean- Initialized JPA EntityManagerFactory for persistence unit 'default'
WARN 2022-11-03 04:52:03,497 org.springframework.boot.autoconfigure.orm.jpa.JpaBaseConfiguration$JpaWebConfiguration- spring.jpa.open-in-view is enabled by default. Therefore, database queries may be performed during view rendering. Explicitly configure spring.jpa.open-in-view to disable this warning
WARN 2022-11-03 04:52:03,497 org.springframework.boot.autoconfigure.orm.jpa.JpaBaseConfiguration$JpaWebConfiguration- spring.jpa.open-in-view is enabled by default. Therefore, database queries may be performed during view rendering. Explicitly configure spring.jpa.open-in-view to disable this warning
INFO 2022-11-03 04:52:03,721 org.apache.juli.logging.DirectJDKLog- Starting ProtocolHandler ["http-nio-8080"]
INFO 2022-11-03 04:52:03,733 org.springframework.boot.web.embedded.tomcat.TomcatWebServer- Tomcat started on port(s): 8080 (http) with context path ''
INFO 2022-11-03 04:52:03,733 org.springframework.boot.web.embedded.tomcat.TomcatWebServer- Tomcat started on port(s): 8080 (http) with context path ''
INFO 2022-11-03 04:52:03,910 org.springframework.boot.StartupInfoLogger- Started EmployeeServiceApplication in 2.778 seconds (JVM running for 3.317)
INFO 2022-11-03 04:52:39,905 org.apache.juli.logging.DirectJDKLog- Initializing Spring DispatcherServlet 'dispatcherServlet'
INFO 2022-11-03 04:52:39,906 org.springframework.web.servlet.FrameworkServlet- Initializing Servlet 'dispatcherServlet'
INFO 2022-11-03 04:52:39,906 org.springframework.web.servlet.FrameworkServlet- Initializing Servlet 'dispatcherServlet'
INFO 2022-11-03 04:52:39,908 org.springframework.web.servlet.FrameworkServlet- Completed initialization in 1 ms
INFO 2022-11-03 04:52:39,908 org.springframework.web.servlet.FrameworkServlet- Completed initialization in 1 ms
ERROR 2022-11-03 04:52:53,411 org.apache.juli.logging.DirectJDKLog- Servlet.service() for servlet [dispatcherServlet] in context with path [] threw exception [Request processing failed; nested exception is org.springframework.web.client.HttpServerErrorException$InternalServerError: 500 : "{"timestamp":1667476373386,"status":500,"error":"Internal Server Error","path":"/students"}"] with root cause
org.springframework.web.client.HttpServerErrorException$InternalServerError: 500 : "{"timestamp":1667476373386,"status":500,"error":"Internal Server Error","path":"/students"}"
	at org.springframework.web.client.HttpServerErrorException.create(HttpServerErrorException.java:100)
	at org.springframework.web.client.DefaultResponseErrorHandler.handleError(DefaultResponseErrorHandler.java:170)
	at org.springframework.web.client.DefaultResponseErrorHandler.handleError(DefaultResponseErrorHandler.java:122)
	at org.springframework.web.client.ResponseErrorHandler.handleError(ResponseErrorHandler.java:63)
	at org.springframework.web.client.RestTemplate.handleResponse(RestTemplate.java:819)
	at org.springframework.web.client.RestTemplate.doExecute(RestTemplate.java:777)
	at org.springframework.web.client.RestTemplate.execute(RestTemplate.java:711)
	at org.springframework.web.client.RestTemplate.getForObject(RestTemplate.java:334)
	at com.iways.employeeservice.controller.EmployeeController.getEmployee(EmployeeController.java:83)
	at com.iways.employeeservice.controller.EmployeeController$$FastClassBySpringCGLIB$$a3c4ec67.invoke(<generated>)
	at org.springframework.cglib.proxy.MethodProxy.invoke(MethodProxy.java:218)
	at org.springframework.aop.framework.CglibAopProxy$CglibMethodInvocation.invokeJoinpoint(CglibAopProxy.java:793)
	at org.springframework.aop.framework.ReflectiveMethodInvocation.proceed(ReflectiveMethodInvocation.java:163)
	at org.springframework.aop.framework.CglibAopProxy$CglibMethodInvocation.proceed(CglibAopProxy.java:763)
	at org.springframework.validation.beanvalidation.MethodValidationInterceptor.invoke(MethodValidationInterceptor.java:123)
	at org.springframework.aop.framework.ReflectiveMethodInvocation.proceed(ReflectiveMethodInvocation.java:186)
	at org.springframework.aop.framework.CglibAopProxy$CglibMethodInvocation.proceed(CglibAopProxy.java:763)
	at org.springframework.aop.framework.CglibAopProxy$DynamicAdvisedInterceptor.intercept(CglibAopProxy.java:708)
	at com.iways.employeeservice.controller.EmployeeController$$EnhancerBySpringCGLIB$$c0ebedad.getEmployee(<generated>)
	at java.base/jdk.internal.reflect.NativeMethodAccessorImpl.invoke0(Native Method)
	at java.base/jdk.internal.reflect.NativeMethodAccessorImpl.invoke(NativeMethodAccessorImpl.java:62)
	at java.base/jdk.internal.reflect.DelegatingMethodAccessorImpl.invoke(DelegatingMethodAccessorImpl.java:43)
	at java.base/java.lang.reflect.Method.invoke(Method.java:566)
	at org.springframework.web.method.support.InvocableHandlerMethod.doInvoke(InvocableHandlerMethod.java:205)
	at org.springframework.web.method.support.InvocableHandlerMethod.invokeForRequest(InvocableHandlerMethod.java:150)
	at org.springframework.web.servlet.mvc.method.annotation.ServletInvocableHandlerMethod.invokeAndHandle(ServletInvocableHandlerMethod.java:117)
	at org.springframework.web.servlet.mvc.method.annotation.RequestMappingHandlerAdapter.invokeHandlerMethod(RequestMappingHandlerAdapter.java:895)
	at org.springframework.web.servlet.mvc.method.annotation.RequestMappingHandlerAdapter.handleInternal(RequestMappingHandlerAdapter.java:808)
	at org.springframework.web.servlet.mvc.method.AbstractHandlerMethodAdapter.handle(AbstractHandlerMethodAdapter.java:87)
	at org.springframework.web.servlet.DispatcherServlet.doDispatch(DispatcherServlet.java:1071)
	at org.springframework.web.servlet.DispatcherServlet.doService(DispatcherServlet.java:964)
	at org.springframework.web.servlet.FrameworkServlet.processRequest(FrameworkServlet.java:1006)
	at org.springframework.web.servlet.FrameworkServlet.doGet(FrameworkServlet.java:898)
	at javax.servlet.http.HttpServlet.service(HttpServlet.java:655)
	at org.springframework.web.servlet.FrameworkServlet.service(FrameworkServlet.java:883)
	at javax.servlet.http.HttpServlet.service(HttpServlet.java:764)
	at org.apache.catalina.core.ApplicationFilterChain.internalDoFilter(ApplicationFilterChain.java:227)
	at org.apache.catalina.core.ApplicationFilterChain.doFilter(ApplicationFilterChain.java:162)
	at org.apache.tomcat.websocket.server.WsFilter.doFilter(WsFilter.java:53)
	at org.apache.catalina.core.ApplicationFilterChain.internalDoFilter(ApplicationFilterChain.java:189)
	at org.apache.catalina.core.ApplicationFilterChain.doFilter(ApplicationFilterChain.java:162)
	at org.springframework.web.filter.CharacterEncodingFilter.doFilterInternal(CharacterEncodingFilter.java:201)
	at org.springframework.web.filter.OncePerRequestFilter.doFilter(OncePerRequestFilter.java:117)
	at org.apache.catalina.core.ApplicationFilterChain.internalDoFilter(ApplicationFilterChain.java:189)
	at org.apache.catalina.core.ApplicationFilterChain.doFilter(ApplicationFilterChain.java:162)
	at org.apache.catalina.core.StandardWrapperValve.invoke(StandardWrapperValve.java:197)
	at org.apache.catalina.core.StandardContextValve.invoke(StandardContextValve.java:97)
	at org.apache.catalina.authenticator.AuthenticatorBase.invoke(AuthenticatorBase.java:541)
	at org.apache.catalina.core.StandardHostValve.invoke(StandardHostValve.java:135)
	at org.apache.catalina.valves.ErrorReportValve.invoke(ErrorReportValve.java:92)
	at org.apache.catalina.core.StandardEngineValve.invoke(StandardEngineValve.java:78)
	at org.apache.catalina.connector.CoyoteAdapter.service(CoyoteAdapter.java:360)
	at org.apache.coyote.http11.Http11Processor.service(Http11Processor.java:399)
	at org.apache.coyote.AbstractProcessorLight.process(AbstractProcessorLight.java:65)
	at org.apache.coyote.AbstractProtocol$ConnectionHandler.process(AbstractProtocol.java:890)
	at org.apache.tomcat.util.net.NioEndpoint$SocketProcessor.doRun(NioEndpoint.java:1789)
	at org.apache.tomcat.util.net.SocketProcessorBase.run(SocketProcessorBase.java:49)
	at org.apache.tomcat.util.threads.ThreadPoolExecutor.runWorker(ThreadPoolExecutor.java:1191)
	at org.apache.tomcat.util.threads.ThreadPoolExecutor$Worker.run(ThreadPoolExecutor.java:659)
	at org.apache.tomcat.util.threads.TaskThread$WrappingRunnable.run(TaskThread.java:61)
	at java.base/java.lang.Thread.run(Thread.java:834)
ERROR 2022-11-03 04:53:17,472 org.apache.juli.logging.DirectJDKLog- Servlet.service() for servlet [dispatcherServlet] in context with path [] threw exception [Request processing failed; nested exception is org.springframework.web.client.HttpServerErrorException$InternalServerError: 500 : "{"timestamp":1667476397469,"status":500,"error":"Internal Server Error","path":"/students"}"] with root cause
org.springframework.web.client.HttpServerErrorException$InternalServerError: 500 : "{"timestamp":1667476397469,"status":500,"error":"Internal Server Error","path":"/students"}"
	at org.springframework.web.client.HttpServerErrorException.create(HttpServerErrorException.java:100)
	at org.springframework.web.client.DefaultResponseErrorHandler.handleError(DefaultResponseErrorHandler.java:170)
	at org.springframework.web.client.DefaultResponseErrorHandler.handleError(DefaultResponseErrorHandler.java:122)
	at org.springframework.web.client.ResponseErrorHandler.handleError(ResponseErrorHandler.java:63)
	at org.springframework.web.client.RestTemplate.handleResponse(RestTemplate.java:819)
	at org.springframework.web.client.RestTemplate.doExecute(RestTemplate.java:777)
	at org.springframework.web.client.RestTemplate.execute(RestTemplate.java:711)
	at org.springframework.web.client.RestTemplate.getForObject(RestTemplate.java:334)
	at com.iways.employeeservice.controller.EmployeeController.getEmployee(EmployeeController.java:83)
	at com.iways.employeeservice.controller.EmployeeController$$FastClassBySpringCGLIB$$a3c4ec67.invoke(<generated>)
	at org.springframework.cglib.proxy.MethodProxy.invoke(MethodProxy.java:218)
	at org.springframework.aop.framework.CglibAopProxy$CglibMethodInvocation.invokeJoinpoint(CglibAopProxy.java:793)
	at org.springframework.aop.framework.ReflectiveMethodInvocation.proceed(ReflectiveMethodInvocation.java:163)
	at org.springframework.aop.framework.CglibAopProxy$CglibMethodInvocation.proceed(CglibAopProxy.java:763)
	at org.springframework.validation.beanvalidation.MethodValidationInterceptor.invoke(MethodValidationInterceptor.java:123)
	at org.springframework.aop.framework.ReflectiveMethodInvocation.proceed(ReflectiveMethodInvocation.java:186)
	at org.springframework.aop.framework.CglibAopProxy$CglibMethodInvocation.proceed(CglibAopProxy.java:763)
	at org.springframework.aop.framework.CglibAopProxy$DynamicAdvisedInterceptor.intercept(CglibAopProxy.java:708)
	at com.iways.employeeservice.controller.EmployeeController$$EnhancerBySpringCGLIB$$c0ebedad.getEmployee(<generated>)
	at java.base/jdk.internal.reflect.NativeMethodAccessorImpl.invoke0(Native Method)
	at java.base/jdk.internal.reflect.NativeMethodAccessorImpl.invoke(NativeMethodAccessorImpl.java:62)
	at java.base/jdk.internal.reflect.DelegatingMethodAccessorImpl.invoke(DelegatingMethodAccessorImpl.java:43)
	at java.base/java.lang.reflect.Method.invoke(Method.java:566)
	at org.springframework.web.method.support.InvocableHandlerMethod.doInvoke(InvocableHandlerMethod.java:205)
	at org.springframework.web.method.support.InvocableHandlerMethod.invokeForRequest(InvocableHandlerMethod.java:150)
	at org.springframework.web.servlet.mvc.method.annotation.ServletInvocableHandlerMethod.invokeAndHandle(ServletInvocableHandlerMethod.java:117)
	at org.springframework.web.servlet.mvc.method.annotation.RequestMappingHandlerAdapter.invokeHandlerMethod(RequestMappingHandlerAdapter.java:895)
	at org.springframework.web.servlet.mvc.method.annotation.RequestMappingHandlerAdapter.handleInternal(RequestMappingHandlerAdapter.java:808)
	at org.springframework.web.servlet.mvc.method.AbstractHandlerMethodAdapter.handle(AbstractHandlerMethodAdapter.java:87)
	at org.springframework.web.servlet.DispatcherServlet.doDispatch(DispatcherServlet.java:1071)
	at org.springframework.web.servlet.DispatcherServlet.doService(DispatcherServlet.java:964)
	at org.springframework.web.servlet.FrameworkServlet.processRequest(FrameworkServlet.java:1006)
	at org.springframework.web.servlet.FrameworkServlet.doGet(FrameworkServlet.java:898)
	at javax.servlet.http.HttpServlet.service(HttpServlet.java:655)
	at org.springframework.web.servlet.FrameworkServlet.service(FrameworkServlet.java:883)
	at javax.servlet.http.HttpServlet.service(HttpServlet.java:764)
	at org.apache.catalina.core.ApplicationFilterChain.internalDoFilter(ApplicationFilterChain.java:227)
	at org.apache.catalina.core.ApplicationFilterChain.doFilter(ApplicationFilterChain.java:162)
	at org.apache.tomcat.websocket.server.WsFilter.doFilter(WsFilter.java:53)
	at org.apache.catalina.core.ApplicationFilterChain.internalDoFilter(ApplicationFilterChain.java:189)
	at org.apache.catalina.core.ApplicationFilterChain.doFilter(ApplicationFilterChain.java:162)
	at org.springframework.web.filter.CharacterEncodingFilter.doFilterInternal(CharacterEncodingFilter.java:201)
	at org.springframework.web.filter.OncePerRequestFilter.doFilter(OncePerRequestFilter.java:117)
	at org.apache.catalina.core.ApplicationFilterChain.internalDoFilter(ApplicationFilterChain.java:189)
	at org.apache.catalina.core.ApplicationFilterChain.doFilter(ApplicationFilterChain.java:162)
	at org.apache.catalina.core.StandardWrapperValve.invoke(StandardWrapperValve.java:197)
	at org.apache.catalina.core.StandardContextValve.invoke(StandardContextValve.java:97)
	at org.apache.catalina.authenticator.AuthenticatorBase.invoke(AuthenticatorBase.java:541)
	at org.apache.catalina.core.StandardHostValve.invoke(StandardHostValve.java:135)
	at org.apache.catalina.valves.ErrorReportValve.invoke(ErrorReportValve.java:92)
	at org.apache.catalina.core.StandardEngineValve.invoke(StandardEngineValve.java:78)
	at org.apache.catalina.connector.CoyoteAdapter.service(CoyoteAdapter.java:360)
	at org.apache.coyote.http11.Http11Processor.service(Http11Processor.java:399)
	at org.apache.coyote.AbstractProcessorLight.process(AbstractProcessorLight.java:65)
	at org.apache.coyote.AbstractProtocol$ConnectionHandler.process(AbstractProtocol.java:890)
	at org.apache.tomcat.util.net.NioEndpoint$SocketProcessor.doRun(NioEndpoint.java:1789)
	at org.apache.tomcat.util.net.SocketProcessorBase.run(SocketProcessorBase.java:49)
	at org.apache.tomcat.util.threads.ThreadPoolExecutor.runWorker(ThreadPoolExecutor.java:1191)
	at org.apache.tomcat.util.threads.ThreadPoolExecutor$Worker.run(ThreadPoolExecutor.java:659)
	at org.apache.tomcat.util.threads.TaskThread$WrappingRunnable.run(TaskThread.java:61)
	at java.base/java.lang.Thread.run(Thread.java:834)
INFO 2022-11-03 05:10:41,656 org.springframework.orm.jpa.AbstractEntityManagerFactoryBean- Closing JPA EntityManagerFactory for persistence unit 'default'
INFO 2022-11-03 05:10:41,656 org.springframework.orm.jpa.AbstractEntityManagerFactoryBean- Closing JPA EntityManagerFactory for persistence unit 'default'
INFO 2022-11-03 05:10:41,658 com.zaxxer.hikari.HikariDataSource- HikariPool-1 - Shutdown initiated...
INFO 2022-11-03 05:10:41,668 com.zaxxer.hikari.HikariDataSource- HikariPool-1 - Shutdown completed.
INFO 2022-11-03 05:10:48,696 org.springframework.boot.StartupInfoLogger- Starting EmployeeServiceApplication using Java 11.0.16 on DESKTOP-EQ3BJ36 with PID 8200 (C:\Users\RAYYMAN TECH\Documents\GitHub\employee-service\target\classes started by RAYYMAN TECH in C:\Users\RAYYMAN TECH\Documents\GitHub\employee-service)
INFO 2022-11-03 05:10:48,700 org.springframework.boot.SpringApplication- No active profile set, falling back to 1 default profile: "default"
INFO 2022-11-03 05:10:48,709 org.hibernate.validator.internal.util.Version- HV000001: Hibernate Validator 6.2.5.Final
INFO 2022-11-03 05:10:49,307 org.springframework.data.repository.config.RepositoryConfigurationDelegate- Bootstrapping Spring Data JPA repositories in DEFAULT mode.
INFO 2022-11-03 05:10:49,307 org.springframework.data.repository.config.RepositoryConfigurationDelegate- Bootstrapping Spring Data JPA repositories in DEFAULT mode.
INFO 2022-11-03 05:10:49,340 org.springframework.data.repository.config.RepositoryConfigurationDelegate- Finished Spring Data repository scanning in 27 ms. Found 1 JPA repository interfaces.
INFO 2022-11-03 05:10:49,340 org.springframework.data.repository.config.RepositoryConfigurationDelegate- Finished Spring Data repository scanning in 27 ms. Found 1 JPA repository interfaces.
INFO 2022-11-03 05:10:49,666 org.springframework.boot.web.embedded.tomcat.TomcatWebServer- Tomcat initialized with port(s): 8080 (http)
INFO 2022-11-03 05:10:49,666 org.springframework.boot.web.embedded.tomcat.TomcatWebServer- Tomcat initialized with port(s): 8080 (http)
INFO 2022-11-03 05:10:49,671 org.apache.juli.logging.DirectJDKLog- Initializing ProtocolHandler ["http-nio-8080"]
INFO 2022-11-03 05:10:49,671 org.apache.juli.logging.DirectJDKLog- Starting service [Tomcat]
INFO 2022-11-03 05:10:49,671 org.apache.juli.logging.DirectJDKLog- Starting Servlet engine: [Apache Tomcat/9.0.65]
INFO 2022-11-03 05:10:49,752 org.apache.juli.logging.DirectJDKLog- Initializing Spring embedded WebApplicationContext
INFO 2022-11-03 05:10:49,752 org.springframework.boot.web.servlet.context.ServletWebServerApplicationContext- Root WebApplicationContext: initialization completed in 1022 ms
INFO 2022-11-03 05:10:49,752 org.springframework.boot.web.servlet.context.ServletWebServerApplicationContext- Root WebApplicationContext: initialization completed in 1022 ms
INFO 2022-11-03 05:10:49,823 org.hibernate.jpa.internal.util.LogHelper- HHH000204: Processing PersistenceUnitInfo [name: default]
INFO 2022-11-03 05:10:49,847 org.hibernate.Version- HHH000412: Hibernate ORM core version 5.6.11.Final
INFO 2022-11-03 05:10:49,951 org.hibernate.annotations.common.reflection.java.JavaReflectionManager- HCANN000001: Hibernate Commons Annotations {5.1.2.Final}
INFO 2022-11-03 05:10:50,007 com.zaxxer.hikari.HikariDataSource- HikariPool-1 - Starting...
INFO 2022-11-03 05:10:50,189 com.zaxxer.hikari.HikariDataSource- HikariPool-1 - Start completed.
INFO 2022-11-03 05:10:50,201 org.hibernate.dialect.Dialect- HHH000400: Using dialect: org.hibernate.dialect.MySQL8Dialect
INFO 2022-11-03 05:10:50,688 org.hibernate.engine.transaction.jta.platform.internal.JtaPlatformInitiator- HHH000490: Using JtaPlatform implementation: [org.hibernate.engine.transaction.jta.platform.internal.NoJtaPlatform]
INFO 2022-11-03 05:10:50,693 org.springframework.orm.jpa.AbstractEntityManagerFactoryBean- Initialized JPA EntityManagerFactory for persistence unit 'default'
INFO 2022-11-03 05:10:50,693 org.springframework.orm.jpa.AbstractEntityManagerFactoryBean- Initialized JPA EntityManagerFactory for persistence unit 'default'
WARN 2022-11-03 05:10:51,027 org.springframework.boot.autoconfigure.orm.jpa.JpaBaseConfiguration$JpaWebConfiguration- spring.jpa.open-in-view is enabled by default. Therefore, database queries may be performed during view rendering. Explicitly configure spring.jpa.open-in-view to disable this warning
WARN 2022-11-03 05:10:51,027 org.springframework.boot.autoconfigure.orm.jpa.JpaBaseConfiguration$JpaWebConfiguration- spring.jpa.open-in-view is enabled by default. Therefore, database queries may be performed during view rendering. Explicitly configure spring.jpa.open-in-view to disable this warning
INFO 2022-11-03 05:10:51,285 org.apache.juli.logging.DirectJDKLog- Starting ProtocolHandler ["http-nio-8080"]
INFO 2022-11-03 05:10:51,297 org.springframework.boot.web.embedded.tomcat.TomcatWebServer- Tomcat started on port(s): 8080 (http) with context path ''
INFO 2022-11-03 05:10:51,297 org.springframework.boot.web.embedded.tomcat.TomcatWebServer- Tomcat started on port(s): 8080 (http) with context path ''
INFO 2022-11-03 05:10:51,482 org.springframework.boot.StartupInfoLogger- Started EmployeeServiceApplication in 3.04 seconds (JVM running for 3.62)
INFO 2022-11-03 05:10:58,929 org.apache.juli.logging.DirectJDKLog- Initializing Spring DispatcherServlet 'dispatcherServlet'
INFO 2022-11-03 05:10:58,929 org.springframework.web.servlet.FrameworkServlet- Initializing Servlet 'dispatcherServlet'
INFO 2022-11-03 05:10:58,929 org.springframework.web.servlet.FrameworkServlet- Initializing Servlet 'dispatcherServlet'
INFO 2022-11-03 05:10:58,930 org.springframework.web.servlet.FrameworkServlet- Completed initialization in 1 ms
INFO 2022-11-03 05:10:58,930 org.springframework.web.servlet.FrameworkServlet- Completed initialization in 1 ms
ERROR 2022-11-03 05:11:07,762 org.apache.juli.logging.DirectJDKLog- Servlet.service() for servlet [dispatcherServlet] in context with path [] threw exception [Request processing failed; nested exception is org.springframework.web.client.HttpServerErrorException$InternalServerError: 500 : "{"timestamp":1667477467741,"status":500,"error":"Internal Server Error","path":"/students"}"] with root cause
org.springframework.web.client.HttpServerErrorException$InternalServerError: 500 : "{"timestamp":1667477467741,"status":500,"error":"Internal Server Error","path":"/students"}"
	at org.springframework.web.client.HttpServerErrorException.create(HttpServerErrorException.java:100)
	at org.springframework.web.client.DefaultResponseErrorHandler.handleError(DefaultResponseErrorHandler.java:170)
	at org.springframework.web.client.DefaultResponseErrorHandler.handleError(DefaultResponseErrorHandler.java:122)
	at org.springframework.web.client.ResponseErrorHandler.handleError(ResponseErrorHandler.java:63)
	at org.springframework.web.client.RestTemplate.handleResponse(RestTemplate.java:819)
	at org.springframework.web.client.RestTemplate.doExecute(RestTemplate.java:777)
	at org.springframework.web.client.RestTemplate.execute(RestTemplate.java:711)
	at org.springframework.web.client.RestTemplate.getForObject(RestTemplate.java:334)
	at com.iways.employeeservice.controller.EmployeeController.fetchStudent(EmployeeController.java:85)
	at com.iways.employeeservice.controller.EmployeeController$$FastClassBySpringCGLIB$$a3c4ec67.invoke(<generated>)
	at org.springframework.cglib.proxy.MethodProxy.invoke(MethodProxy.java:218)
	at org.springframework.aop.framework.CglibAopProxy$CglibMethodInvocation.invokeJoinpoint(CglibAopProxy.java:793)
	at org.springframework.aop.framework.ReflectiveMethodInvocation.proceed(ReflectiveMethodInvocation.java:163)
	at org.springframework.aop.framework.CglibAopProxy$CglibMethodInvocation.proceed(CglibAopProxy.java:763)
	at org.springframework.validation.beanvalidation.MethodValidationInterceptor.invoke(MethodValidationInterceptor.java:123)
	at org.springframework.aop.framework.ReflectiveMethodInvocation.proceed(ReflectiveMethodInvocation.java:186)
	at org.springframework.aop.framework.CglibAopProxy$CglibMethodInvocation.proceed(CglibAopProxy.java:763)
	at org.springframework.aop.framework.CglibAopProxy$DynamicAdvisedInterceptor.intercept(CglibAopProxy.java:708)
	at com.iways.employeeservice.controller.EmployeeController$$EnhancerBySpringCGLIB$$88979758.fetchStudent(<generated>)
	at java.base/jdk.internal.reflect.NativeMethodAccessorImpl.invoke0(Native Method)
	at java.base/jdk.internal.reflect.NativeMethodAccessorImpl.invoke(NativeMethodAccessorImpl.java:62)
	at java.base/jdk.internal.reflect.DelegatingMethodAccessorImpl.invoke(DelegatingMethodAccessorImpl.java:43)
	at java.base/java.lang.reflect.Method.invoke(Method.java:566)
	at org.springframework.web.method.support.InvocableHandlerMethod.doInvoke(InvocableHandlerMethod.java:205)
	at org.springframework.web.method.support.InvocableHandlerMethod.invokeForRequest(InvocableHandlerMethod.java:150)
	at org.springframework.web.servlet.mvc.method.annotation.ServletInvocableHandlerMethod.invokeAndHandle(ServletInvocableHandlerMethod.java:117)
	at org.springframework.web.servlet.mvc.method.annotation.RequestMappingHandlerAdapter.invokeHandlerMethod(RequestMappingHandlerAdapter.java:895)
	at org.springframework.web.servlet.mvc.method.annotation.RequestMappingHandlerAdapter.handleInternal(RequestMappingHandlerAdapter.java:808)
	at org.springframework.web.servlet.mvc.method.AbstractHandlerMethodAdapter.handle(AbstractHandlerMethodAdapter.java:87)
	at org.springframework.web.servlet.DispatcherServlet.doDispatch(DispatcherServlet.java:1071)
	at org.springframework.web.servlet.DispatcherServlet.doService(DispatcherServlet.java:964)
	at org.springframework.web.servlet.FrameworkServlet.processRequest(FrameworkServlet.java:1006)
	at org.springframework.web.servlet.FrameworkServlet.doGet(FrameworkServlet.java:898)
	at javax.servlet.http.HttpServlet.service(HttpServlet.java:655)
	at org.springframework.web.servlet.FrameworkServlet.service(FrameworkServlet.java:883)
	at javax.servlet.http.HttpServlet.service(HttpServlet.java:764)
	at org.apache.catalina.core.ApplicationFilterChain.internalDoFilter(ApplicationFilterChain.java:227)
	at org.apache.catalina.core.ApplicationFilterChain.doFilter(ApplicationFilterChain.java:162)
	at org.apache.tomcat.websocket.server.WsFilter.doFilter(WsFilter.java:53)
	at org.apache.catalina.core.ApplicationFilterChain.internalDoFilter(ApplicationFilterChain.java:189)
	at org.apache.catalina.core.ApplicationFilterChain.doFilter(ApplicationFilterChain.java:162)
	at org.springframework.web.filter.CharacterEncodingFilter.doFilterInternal(CharacterEncodingFilter.java:201)
	at org.springframework.web.filter.OncePerRequestFilter.doFilter(OncePerRequestFilter.java:117)
	at org.apache.catalina.core.ApplicationFilterChain.internalDoFilter(ApplicationFilterChain.java:189)
	at org.apache.catalina.core.ApplicationFilterChain.doFilter(ApplicationFilterChain.java:162)
	at org.apache.catalina.core.StandardWrapperValve.invoke(StandardWrapperValve.java:197)
	at org.apache.catalina.core.StandardContextValve.invoke(StandardContextValve.java:97)
	at org.apache.catalina.authenticator.AuthenticatorBase.invoke(AuthenticatorBase.java:541)
	at org.apache.catalina.core.StandardHostValve.invoke(StandardHostValve.java:135)
	at org.apache.catalina.valves.ErrorReportValve.invoke(ErrorReportValve.java:92)
	at org.apache.catalina.core.StandardEngineValve.invoke(StandardEngineValve.java:78)
	at org.apache.catalina.connector.CoyoteAdapter.service(CoyoteAdapter.java:360)
	at org.apache.coyote.http11.Http11Processor.service(Http11Processor.java:399)
	at org.apache.coyote.AbstractProcessorLight.process(AbstractProcessorLight.java:65)
	at org.apache.coyote.AbstractProtocol$ConnectionHandler.process(AbstractProtocol.java:890)
	at org.apache.tomcat.util.net.NioEndpoint$SocketProcessor.doRun(NioEndpoint.java:1789)
	at org.apache.tomcat.util.net.SocketProcessorBase.run(SocketProcessorBase.java:49)
	at org.apache.tomcat.util.threads.ThreadPoolExecutor.runWorker(ThreadPoolExecutor.java:1191)
	at org.apache.tomcat.util.threads.ThreadPoolExecutor$Worker.run(ThreadPoolExecutor.java:659)
	at org.apache.tomcat.util.threads.TaskThread$WrappingRunnable.run(TaskThread.java:61)
	at java.base/java.lang.Thread.run(Thread.java:834)
ERROR 2022-11-03 05:11:21,604 org.apache.juli.logging.DirectJDKLog- Servlet.service() for servlet [dispatcherServlet] in context with path [] threw exception [Request processing failed; nested exception is org.springframework.web.client.HttpServerErrorException$InternalServerError: 500 : "{"timestamp":1667477481601,"status":500,"error":"Internal Server Error","path":"/students"}"] with root cause
org.springframework.web.client.HttpServerErrorException$InternalServerError: 500 : "{"timestamp":1667477481601,"status":500,"error":"Internal Server Error","path":"/students"}"
	at org.springframework.web.client.HttpServerErrorException.create(HttpServerErrorException.java:100)
	at org.springframework.web.client.DefaultResponseErrorHandler.handleError(DefaultResponseErrorHandler.java:170)
	at org.springframework.web.client.DefaultResponseErrorHandler.handleError(DefaultResponseErrorHandler.java:122)
	at org.springframework.web.client.ResponseErrorHandler.handleError(ResponseErrorHandler.java:63)
	at org.springframework.web.client.RestTemplate.handleResponse(RestTemplate.java:819)
	at org.springframework.web.client.RestTemplate.doExecute(RestTemplate.java:777)
	at org.springframework.web.client.RestTemplate.execute(RestTemplate.java:711)
	at org.springframework.web.client.RestTemplate.getForObject(RestTemplate.java:334)
	at com.iways.employeeservice.controller.EmployeeController.fetchStudent(EmployeeController.java:85)
	at com.iways.employeeservice.controller.EmployeeController$$FastClassBySpringCGLIB$$a3c4ec67.invoke(<generated>)
	at org.springframework.cglib.proxy.MethodProxy.invoke(MethodProxy.java:218)
	at org.springframework.aop.framework.CglibAopProxy$CglibMethodInvocation.invokeJoinpoint(CglibAopProxy.java:793)
	at org.springframework.aop.framework.ReflectiveMethodInvocation.proceed(ReflectiveMethodInvocation.java:163)
	at org.springframework.aop.framework.CglibAopProxy$CglibMethodInvocation.proceed(CglibAopProxy.java:763)
	at org.springframework.validation.beanvalidation.MethodValidationInterceptor.invoke(MethodValidationInterceptor.java:123)
	at org.springframework.aop.framework.ReflectiveMethodInvocation.proceed(ReflectiveMethodInvocation.java:186)
	at org.springframework.aop.framework.CglibAopProxy$CglibMethodInvocation.proceed(CglibAopProxy.java:763)
	at org.springframework.aop.framework.CglibAopProxy$DynamicAdvisedInterceptor.intercept(CglibAopProxy.java:708)
	at com.iways.employeeservice.controller.EmployeeController$$EnhancerBySpringCGLIB$$88979758.fetchStudent(<generated>)
	at java.base/jdk.internal.reflect.NativeMethodAccessorImpl.invoke0(Native Method)
	at java.base/jdk.internal.reflect.NativeMethodAccessorImpl.invoke(NativeMethodAccessorImpl.java:62)
	at java.base/jdk.internal.reflect.DelegatingMethodAccessorImpl.invoke(DelegatingMethodAccessorImpl.java:43)
	at java.base/java.lang.reflect.Method.invoke(Method.java:566)
	at org.springframework.web.method.support.InvocableHandlerMethod.doInvoke(InvocableHandlerMethod.java:205)
	at org.springframework.web.method.support.InvocableHandlerMethod.invokeForRequest(InvocableHandlerMethod.java:150)
	at org.springframework.web.servlet.mvc.method.annotation.ServletInvocableHandlerMethod.invokeAndHandle(ServletInvocableHandlerMethod.java:117)
	at org.springframework.web.servlet.mvc.method.annotation.RequestMappingHandlerAdapter.invokeHandlerMethod(RequestMappingHandlerAdapter.java:895)
	at org.springframework.web.servlet.mvc.method.annotation.RequestMappingHandlerAdapter.handleInternal(RequestMappingHandlerAdapter.java:808)
	at org.springframework.web.servlet.mvc.method.AbstractHandlerMethodAdapter.handle(AbstractHandlerMethodAdapter.java:87)
	at org.springframework.web.servlet.DispatcherServlet.doDispatch(DispatcherServlet.java:1071)
	at org.springframework.web.servlet.DispatcherServlet.doService(DispatcherServlet.java:964)
	at org.springframework.web.servlet.FrameworkServlet.processRequest(FrameworkServlet.java:1006)
	at org.springframework.web.servlet.FrameworkServlet.doGet(FrameworkServlet.java:898)
	at javax.servlet.http.HttpServlet.service(HttpServlet.java:655)
	at org.springframework.web.servlet.FrameworkServlet.service(FrameworkServlet.java:883)
	at javax.servlet.http.HttpServlet.service(HttpServlet.java:764)
	at org.apache.catalina.core.ApplicationFilterChain.internalDoFilter(ApplicationFilterChain.java:227)
	at org.apache.catalina.core.ApplicationFilterChain.doFilter(ApplicationFilterChain.java:162)
	at org.apache.tomcat.websocket.server.WsFilter.doFilter(WsFilter.java:53)
	at org.apache.catalina.core.ApplicationFilterChain.internalDoFilter(ApplicationFilterChain.java:189)
	at org.apache.catalina.core.ApplicationFilterChain.doFilter(ApplicationFilterChain.java:162)
	at org.springframework.web.filter.CharacterEncodingFilter.doFilterInternal(CharacterEncodingFilter.java:201)
	at org.springframework.web.filter.OncePerRequestFilter.doFilter(OncePerRequestFilter.java:117)
	at org.apache.catalina.core.ApplicationFilterChain.internalDoFilter(ApplicationFilterChain.java:189)
	at org.apache.catalina.core.ApplicationFilterChain.doFilter(ApplicationFilterChain.java:162)
	at org.apache.catalina.core.StandardWrapperValve.invoke(StandardWrapperValve.java:197)
	at org.apache.catalina.core.StandardContextValve.invoke(StandardContextValve.java:97)
	at org.apache.catalina.authenticator.AuthenticatorBase.invoke(AuthenticatorBase.java:541)
	at org.apache.catalina.core.StandardHostValve.invoke(StandardHostValve.java:135)
	at org.apache.catalina.valves.ErrorReportValve.invoke(ErrorReportValve.java:92)
	at org.apache.catalina.core.StandardEngineValve.invoke(StandardEngineValve.java:78)
	at org.apache.catalina.connector.CoyoteAdapter.service(CoyoteAdapter.java:360)
	at org.apache.coyote.http11.Http11Processor.service(Http11Processor.java:399)
	at org.apache.coyote.AbstractProcessorLight.process(AbstractProcessorLight.java:65)
	at org.apache.coyote.AbstractProtocol$ConnectionHandler.process(AbstractProtocol.java:890)
	at org.apache.tomcat.util.net.NioEndpoint$SocketProcessor.doRun(NioEndpoint.java:1789)
	at org.apache.tomcat.util.net.SocketProcessorBase.run(SocketProcessorBase.java:49)
	at org.apache.tomcat.util.threads.ThreadPoolExecutor.runWorker(ThreadPoolExecutor.java:1191)
	at org.apache.tomcat.util.threads.ThreadPoolExecutor$Worker.run(ThreadPoolExecutor.java:659)
	at org.apache.tomcat.util.threads.TaskThread$WrappingRunnable.run(TaskThread.java:61)
	at java.base/java.lang.Thread.run(Thread.java:834)
INFO 2022-11-03 05:30:26,272 org.springframework.orm.jpa.AbstractEntityManagerFactoryBean- Closing JPA EntityManagerFactory for persistence unit 'default'
INFO 2022-11-03 05:30:26,272 org.springframework.orm.jpa.AbstractEntityManagerFactoryBean- Closing JPA EntityManagerFactory for persistence unit 'default'
INFO 2022-11-03 05:30:26,275 com.zaxxer.hikari.HikariDataSource- HikariPool-1 - Shutdown initiated...
INFO 2022-11-03 05:30:26,284 com.zaxxer.hikari.HikariDataSource- HikariPool-1 - Shutdown completed.
INFO 2022-11-03 05:30:32,043 org.hibernate.validator.internal.util.Version- HV000001: Hibernate Validator 6.2.5.Final
INFO 2022-11-03 05:30:32,043 org.springframework.boot.StartupInfoLogger- Starting EmployeeServiceApplication using Java 11.0.16 on DESKTOP-EQ3BJ36 with PID 3472 (C:\Users\RAYYMAN TECH\Documents\GitHub\employee-service\target\classes started by RAYYMAN TECH in C:\Users\RAYYMAN TECH\Documents\GitHub\employee-service)
INFO 2022-11-03 05:30:32,045 org.springframework.boot.SpringApplication- No active profile set, falling back to 1 default profile: "default"
INFO 2022-11-03 05:30:32,572 org.springframework.data.repository.config.RepositoryConfigurationDelegate- Bootstrapping Spring Data JPA repositories in DEFAULT mode.
INFO 2022-11-03 05:30:32,572 org.springframework.data.repository.config.RepositoryConfigurationDelegate- Bootstrapping Spring Data JPA repositories in DEFAULT mode.
INFO 2022-11-03 05:30:32,602 org.springframework.data.repository.config.RepositoryConfigurationDelegate- Finished Spring Data repository scanning in 24 ms. Found 1 JPA repository interfaces.
INFO 2022-11-03 05:30:32,602 org.springframework.data.repository.config.RepositoryConfigurationDelegate- Finished Spring Data repository scanning in 24 ms. Found 1 JPA repository interfaces.
INFO 2022-11-03 05:30:32,930 org.springframework.boot.web.embedded.tomcat.TomcatWebServer- Tomcat initialized with port(s): 8080 (http)
INFO 2022-11-03 05:30:32,930 org.springframework.boot.web.embedded.tomcat.TomcatWebServer- Tomcat initialized with port(s): 8080 (http)
INFO 2022-11-03 05:30:32,935 org.apache.juli.logging.DirectJDKLog- Initializing ProtocolHandler ["http-nio-8080"]
INFO 2022-11-03 05:30:32,936 org.apache.juli.logging.DirectJDKLog- Starting service [Tomcat]
INFO 2022-11-03 05:30:32,937 org.apache.juli.logging.DirectJDKLog- Starting Servlet engine: [Apache Tomcat/9.0.65]
INFO 2022-11-03 05:30:33,016 org.apache.juli.logging.DirectJDKLog- Initializing Spring embedded WebApplicationContext
INFO 2022-11-03 05:30:33,016 org.springframework.boot.web.servlet.context.ServletWebServerApplicationContext- Root WebApplicationContext: initialization completed in 946 ms
INFO 2022-11-03 05:30:33,016 org.springframework.boot.web.servlet.context.ServletWebServerApplicationContext- Root WebApplicationContext: initialization completed in 946 ms
INFO 2022-11-03 05:30:33,093 org.hibernate.jpa.internal.util.LogHelper- HHH000204: Processing PersistenceUnitInfo [name: default]
INFO 2022-11-03 05:30:33,119 org.hibernate.Version- HHH000412: Hibernate ORM core version 5.6.11.Final
INFO 2022-11-03 05:30:33,226 org.hibernate.annotations.common.reflection.java.JavaReflectionManager- HCANN000001: Hibernate Commons Annotations {5.1.2.Final}
INFO 2022-11-03 05:30:33,322 com.zaxxer.hikari.HikariDataSource- HikariPool-1 - Starting...
INFO 2022-11-03 05:30:33,541 com.zaxxer.hikari.HikariDataSource- HikariPool-1 - Start completed.
INFO 2022-11-03 05:30:33,557 org.hibernate.dialect.Dialect- HHH000400: Using dialect: org.hibernate.dialect.MySQL8Dialect
INFO 2022-11-03 05:30:33,984 org.hibernate.engine.transaction.jta.platform.internal.JtaPlatformInitiator- HHH000490: Using JtaPlatform implementation: [org.hibernate.engine.transaction.jta.platform.internal.NoJtaPlatform]
INFO 2022-11-03 05:30:33,990 org.springframework.orm.jpa.AbstractEntityManagerFactoryBean- Initialized JPA EntityManagerFactory for persistence unit 'default'
INFO 2022-11-03 05:30:33,990 org.springframework.orm.jpa.AbstractEntityManagerFactoryBean- Initialized JPA EntityManagerFactory for persistence unit 'default'
WARN 2022-11-03 05:30:34,311 org.springframework.boot.autoconfigure.orm.jpa.JpaBaseConfiguration$JpaWebConfiguration- spring.jpa.open-in-view is enabled by default. Therefore, database queries may be performed during view rendering. Explicitly configure spring.jpa.open-in-view to disable this warning
WARN 2022-11-03 05:30:34,311 org.springframework.boot.autoconfigure.orm.jpa.JpaBaseConfiguration$JpaWebConfiguration- spring.jpa.open-in-view is enabled by default. Therefore, database queries may be performed during view rendering. Explicitly configure spring.jpa.open-in-view to disable this warning
INFO 2022-11-03 05:30:34,528 org.apache.juli.logging.DirectJDKLog- Starting ProtocolHandler ["http-nio-8080"]
INFO 2022-11-03 05:30:34,560 org.springframework.boot.web.embedded.tomcat.TomcatWebServer- Tomcat started on port(s): 8080 (http) with context path ''
INFO 2022-11-03 05:30:34,560 org.springframework.boot.web.embedded.tomcat.TomcatWebServer- Tomcat started on port(s): 8080 (http) with context path ''
INFO 2022-11-03 05:30:34,748 org.springframework.boot.StartupInfoLogger- Started EmployeeServiceApplication in 2.994 seconds (JVM running for 3.538)
INFO 2022-11-03 05:35:21,088 org.springframework.orm.jpa.AbstractEntityManagerFactoryBean- Closing JPA EntityManagerFactory for persistence unit 'default'
INFO 2022-11-03 05:35:21,088 org.springframework.orm.jpa.AbstractEntityManagerFactoryBean- Closing JPA EntityManagerFactory for persistence unit 'default'
INFO 2022-11-03 05:35:21,092 com.zaxxer.hikari.HikariDataSource- HikariPool-1 - Shutdown initiated...
INFO 2022-11-03 05:35:21,105 com.zaxxer.hikari.HikariDataSource- HikariPool-1 - Shutdown completed.
INFO 2022-11-03 05:35:24,606 org.springframework.boot.StartupInfoLogger- Starting EmployeeServiceApplication using Java 11.0.16 on DESKTOP-EQ3BJ36 with PID 14740 (C:\Users\RAYYMAN TECH\Documents\GitHub\employee-service\target\classes started by RAYYMAN TECH in C:\Users\RAYYMAN TECH\Documents\GitHub\employee-service)
INFO 2022-11-03 05:35:24,608 org.hibernate.validator.internal.util.Version- HV000001: Hibernate Validator 6.2.5.Final
INFO 2022-11-03 05:35:24,609 org.springframework.boot.SpringApplication- No active profile set, falling back to 1 default profile: "default"
INFO 2022-11-03 05:35:25,114 org.springframework.data.repository.config.RepositoryConfigurationDelegate- Bootstrapping Spring Data JPA repositories in DEFAULT mode.
INFO 2022-11-03 05:35:25,114 org.springframework.data.repository.config.RepositoryConfigurationDelegate- Bootstrapping Spring Data JPA repositories in DEFAULT mode.
INFO 2022-11-03 05:35:25,141 org.springframework.data.repository.config.RepositoryConfigurationDelegate- Finished Spring Data repository scanning in 22 ms. Found 1 JPA repository interfaces.
INFO 2022-11-03 05:35:25,141 org.springframework.data.repository.config.RepositoryConfigurationDelegate- Finished Spring Data repository scanning in 22 ms. Found 1 JPA repository interfaces.
INFO 2022-11-03 05:35:25,449 org.springframework.boot.web.embedded.tomcat.TomcatWebServer- Tomcat initialized with port(s): 8080 (http)
INFO 2022-11-03 05:35:25,449 org.springframework.boot.web.embedded.tomcat.TomcatWebServer- Tomcat initialized with port(s): 8080 (http)
INFO 2022-11-03 05:35:25,454 org.apache.juli.logging.DirectJDKLog- Initializing ProtocolHandler ["http-nio-8080"]
INFO 2022-11-03 05:35:25,454 org.apache.juli.logging.DirectJDKLog- Starting service [Tomcat]
INFO 2022-11-03 05:35:25,455 org.apache.juli.logging.DirectJDKLog- Starting Servlet engine: [Apache Tomcat/9.0.65]
INFO 2022-11-03 05:35:25,534 org.apache.juli.logging.DirectJDKLog- Initializing Spring embedded WebApplicationContext
INFO 2022-11-03 05:35:25,535 org.springframework.boot.web.servlet.context.ServletWebServerApplicationContext- Root WebApplicationContext: initialization completed in 900 ms
INFO 2022-11-03 05:35:25,535 org.springframework.boot.web.servlet.context.ServletWebServerApplicationContext- Root WebApplicationContext: initialization completed in 900 ms
INFO 2022-11-03 05:35:25,602 org.hibernate.jpa.internal.util.LogHelper- HHH000204: Processing PersistenceUnitInfo [name: default]
INFO 2022-11-03 05:35:25,624 org.hibernate.Version- HHH000412: Hibernate ORM core version 5.6.11.Final
INFO 2022-11-03 05:35:25,700 org.hibernate.annotations.common.reflection.java.JavaReflectionManager- HCANN000001: Hibernate Commons Annotations {5.1.2.Final}
INFO 2022-11-03 05:35:25,765 com.zaxxer.hikari.HikariDataSource- HikariPool-1 - Starting...
INFO 2022-11-03 05:35:25,940 com.zaxxer.hikari.HikariDataSource- HikariPool-1 - Start completed.
INFO 2022-11-03 05:35:25,950 org.hibernate.dialect.Dialect- HHH000400: Using dialect: org.hibernate.dialect.MySQL8Dialect
INFO 2022-11-03 05:35:26,313 org.hibernate.engine.transaction.jta.platform.internal.JtaPlatformInitiator- HHH000490: Using JtaPlatform implementation: [org.hibernate.engine.transaction.jta.platform.internal.NoJtaPlatform]
INFO 2022-11-03 05:35:26,318 org.springframework.orm.jpa.AbstractEntityManagerFactoryBean- Initialized JPA EntityManagerFactory for persistence unit 'default'
INFO 2022-11-03 05:35:26,318 org.springframework.orm.jpa.AbstractEntityManagerFactoryBean- Initialized JPA EntityManagerFactory for persistence unit 'default'
WARN 2022-11-03 05:35:26,650 org.springframework.boot.autoconfigure.orm.jpa.JpaBaseConfiguration$JpaWebConfiguration- spring.jpa.open-in-view is enabled by default. Therefore, database queries may be performed during view rendering. Explicitly configure spring.jpa.open-in-view to disable this warning
WARN 2022-11-03 05:35:26,650 org.springframework.boot.autoconfigure.orm.jpa.JpaBaseConfiguration$JpaWebConfiguration- spring.jpa.open-in-view is enabled by default. Therefore, database queries may be performed during view rendering. Explicitly configure spring.jpa.open-in-view to disable this warning
INFO 2022-11-03 05:35:26,877 org.apache.juli.logging.DirectJDKLog- Starting ProtocolHandler ["http-nio-8080"]
INFO 2022-11-03 05:35:26,889 org.springframework.boot.web.embedded.tomcat.TomcatWebServer- Tomcat started on port(s): 8080 (http) with context path ''
INFO 2022-11-03 05:35:26,889 org.springframework.boot.web.embedded.tomcat.TomcatWebServer- Tomcat started on port(s): 8080 (http) with context path ''
INFO 2022-11-03 05:35:27,042 org.springframework.boot.StartupInfoLogger- Started EmployeeServiceApplication in 2.672 seconds (JVM running for 3.204)
INFO 2022-11-03 05:35:38,930 org.apache.juli.logging.DirectJDKLog- Initializing Spring DispatcherServlet 'dispatcherServlet'
INFO 2022-11-03 05:35:38,930 org.springframework.web.servlet.FrameworkServlet- Initializing Servlet 'dispatcherServlet'
INFO 2022-11-03 05:35:38,930 org.springframework.web.servlet.FrameworkServlet- Initializing Servlet 'dispatcherServlet'
INFO 2022-11-03 05:35:38,930 org.springframework.web.servlet.FrameworkServlet- Completed initialization in 0 ms
INFO 2022-11-03 05:35:38,930 org.springframework.web.servlet.FrameworkServlet- Completed initialization in 0 ms
ERROR 2022-11-03 05:36:40,122 org.apache.juli.logging.DirectJDKLog- Servlet.service() for servlet [dispatcherServlet] in context with path [] threw exception [Request processing failed; nested exception is java.lang.NullPointerException] with root cause
java.lang.NullPointerException: null
	at com.iways.employeeservice.controller.EmployeeController.createStudent(EmployeeController.java:89)
	at com.iways.employeeservice.controller.EmployeeController$$FastClassBySpringCGLIB$$a3c4ec67.invoke(<generated>)
	at org.springframework.cglib.proxy.MethodProxy.invoke(MethodProxy.java:218)
	at org.springframework.aop.framework.CglibAopProxy$CglibMethodInvocation.invokeJoinpoint(CglibAopProxy.java:793)
	at org.springframework.aop.framework.ReflectiveMethodInvocation.proceed(ReflectiveMethodInvocation.java:163)
	at org.springframework.aop.framework.CglibAopProxy$CglibMethodInvocation.proceed(CglibAopProxy.java:763)
	at org.springframework.validation.beanvalidation.MethodValidationInterceptor.invoke(MethodValidationInterceptor.java:123)
	at org.springframework.aop.framework.ReflectiveMethodInvocation.proceed(ReflectiveMethodInvocation.java:186)
	at org.springframework.aop.framework.CglibAopProxy$CglibMethodInvocation.proceed(CglibAopProxy.java:763)
	at org.springframework.aop.framework.CglibAopProxy$DynamicAdvisedInterceptor.intercept(CglibAopProxy.java:708)
	at com.iways.employeeservice.controller.EmployeeController$$EnhancerBySpringCGLIB$$e266c81.createStudent(<generated>)
	at java.base/jdk.internal.reflect.NativeMethodAccessorImpl.invoke0(Native Method)
	at java.base/jdk.internal.reflect.NativeMethodAccessorImpl.invoke(NativeMethodAccessorImpl.java:62)
	at java.base/jdk.internal.reflect.DelegatingMethodAccessorImpl.invoke(DelegatingMethodAccessorImpl.java:43)
	at java.base/java.lang.reflect.Method.invoke(Method.java:566)
	at org.springframework.web.method.support.InvocableHandlerMethod.doInvoke(InvocableHandlerMethod.java:205)
	at org.springframework.web.method.support.InvocableHandlerMethod.invokeForRequest(InvocableHandlerMethod.java:150)
	at org.springframework.web.servlet.mvc.method.annotation.ServletInvocableHandlerMethod.invokeAndHandle(ServletInvocableHandlerMethod.java:117)
	at org.springframework.web.servlet.mvc.method.annotation.RequestMappingHandlerAdapter.invokeHandlerMethod(RequestMappingHandlerAdapter.java:895)
	at org.springframework.web.servlet.mvc.method.annotation.RequestMappingHandlerAdapter.handleInternal(RequestMappingHandlerAdapter.java:808)
	at org.springframework.web.servlet.mvc.method.AbstractHandlerMethodAdapter.handle(AbstractHandlerMethodAdapter.java:87)
	at org.springframework.web.servlet.DispatcherServlet.doDispatch(DispatcherServlet.java:1071)
	at org.springframework.web.servlet.DispatcherServlet.doService(DispatcherServlet.java:964)
	at org.springframework.web.servlet.FrameworkServlet.processRequest(FrameworkServlet.java:1006)
	at org.springframework.web.servlet.FrameworkServlet.doGet(FrameworkServlet.java:898)
	at javax.servlet.http.HttpServlet.service(HttpServlet.java:655)
	at org.springframework.web.servlet.FrameworkServlet.service(FrameworkServlet.java:883)
	at javax.servlet.http.HttpServlet.service(HttpServlet.java:764)
	at org.apache.catalina.core.ApplicationFilterChain.internalDoFilter(ApplicationFilterChain.java:227)
	at org.apache.catalina.core.ApplicationFilterChain.doFilter(ApplicationFilterChain.java:162)
	at org.apache.tomcat.websocket.server.WsFilter.doFilter(WsFilter.java:53)
	at org.apache.catalina.core.ApplicationFilterChain.internalDoFilter(ApplicationFilterChain.java:189)
	at org.apache.catalina.core.ApplicationFilterChain.doFilter(ApplicationFilterChain.java:162)
	at org.springframework.web.filter.CharacterEncodingFilter.doFilterInternal(CharacterEncodingFilter.java:201)
	at org.springframework.web.filter.OncePerRequestFilter.doFilter(OncePerRequestFilter.java:117)
	at org.apache.catalina.core.ApplicationFilterChain.internalDoFilter(ApplicationFilterChain.java:189)
	at org.apache.catalina.core.ApplicationFilterChain.doFilter(ApplicationFilterChain.java:162)
	at org.apache.catalina.core.StandardWrapperValve.invoke(StandardWrapperValve.java:197)
	at org.apache.catalina.core.StandardContextValve.invoke(StandardContextValve.java:97)
	at org.apache.catalina.authenticator.AuthenticatorBase.invoke(AuthenticatorBase.java:541)
	at org.apache.catalina.core.StandardHostValve.invoke(StandardHostValve.java:135)
	at org.apache.catalina.valves.ErrorReportValve.invoke(ErrorReportValve.java:92)
	at org.apache.catalina.core.StandardEngineValve.invoke(StandardEngineValve.java:78)
	at org.apache.catalina.connector.CoyoteAdapter.service(CoyoteAdapter.java:360)
	at org.apache.coyote.http11.Http11Processor.service(Http11Processor.java:399)
	at org.apache.coyote.AbstractProcessorLight.process(AbstractProcessorLight.java:65)
	at org.apache.coyote.AbstractProtocol$ConnectionHandler.process(AbstractProtocol.java:890)
	at org.apache.tomcat.util.net.NioEndpoint$SocketProcessor.doRun(NioEndpoint.java:1789)
	at org.apache.tomcat.util.net.SocketProcessorBase.run(SocketProcessorBase.java:49)
	at org.apache.tomcat.util.threads.ThreadPoolExecutor.runWorker(ThreadPoolExecutor.java:1191)
	at org.apache.tomcat.util.threads.ThreadPoolExecutor$Worker.run(ThreadPoolExecutor.java:659)
	at org.apache.tomcat.util.threads.TaskThread$WrappingRunnable.run(TaskThread.java:61)
	at java.base/java.lang.Thread.run(Thread.java:834)
INFO 2022-11-03 05:38:02,051 org.springframework.orm.jpa.AbstractEntityManagerFactoryBean- Closing JPA EntityManagerFactory for persistence unit 'default'
INFO 2022-11-03 05:38:02,051 org.springframework.orm.jpa.AbstractEntityManagerFactoryBean- Closing JPA EntityManagerFactory for persistence unit 'default'
INFO 2022-11-03 05:38:02,053 com.zaxxer.hikari.HikariDataSource- HikariPool-1 - Shutdown initiated...
INFO 2022-11-03 05:38:02,060 com.zaxxer.hikari.HikariDataSource- HikariPool-1 - Shutdown completed.
INFO 2022-11-03 05:38:07,438 org.hibernate.validator.internal.util.Version- HV000001: Hibernate Validator 6.2.5.Final
INFO 2022-11-03 05:38:07,438 org.springframework.boot.StartupInfoLogger- Starting EmployeeServiceApplication using Java 11.0.16 on DESKTOP-EQ3BJ36 with PID 16660 (C:\Users\RAYYMAN TECH\Documents\GitHub\employee-service\target\classes started by RAYYMAN TECH in C:\Users\RAYYMAN TECH\Documents\GitHub\employee-service)
INFO 2022-11-03 05:38:07,441 org.springframework.boot.SpringApplication- No active profile set, falling back to 1 default profile: "default"
INFO 2022-11-03 05:38:07,963 org.springframework.data.repository.config.RepositoryConfigurationDelegate- Bootstrapping Spring Data JPA repositories in DEFAULT mode.
INFO 2022-11-03 05:38:07,963 org.springframework.data.repository.config.RepositoryConfigurationDelegate- Bootstrapping Spring Data JPA repositories in DEFAULT mode.
INFO 2022-11-03 05:38:07,993 org.springframework.data.repository.config.RepositoryConfigurationDelegate- Finished Spring Data repository scanning in 24 ms. Found 1 JPA repository interfaces.
INFO 2022-11-03 05:38:07,993 org.springframework.data.repository.config.RepositoryConfigurationDelegate- Finished Spring Data repository scanning in 24 ms. Found 1 JPA repository interfaces.
INFO 2022-11-03 05:38:08,327 org.springframework.boot.web.embedded.tomcat.TomcatWebServer- Tomcat initialized with port(s): 8080 (http)
INFO 2022-11-03 05:38:08,327 org.springframework.boot.web.embedded.tomcat.TomcatWebServer- Tomcat initialized with port(s): 8080 (http)
INFO 2022-11-03 05:38:08,334 org.apache.juli.logging.DirectJDKLog- Initializing ProtocolHandler ["http-nio-8080"]
INFO 2022-11-03 05:38:08,335 org.apache.juli.logging.DirectJDKLog- Starting service [Tomcat]
INFO 2022-11-03 05:38:08,335 org.apache.juli.logging.DirectJDKLog- Starting Servlet engine: [Apache Tomcat/9.0.65]
INFO 2022-11-03 05:38:08,414 org.apache.juli.logging.DirectJDKLog- Initializing Spring embedded WebApplicationContext
INFO 2022-11-03 05:38:08,414 org.springframework.boot.web.servlet.context.ServletWebServerApplicationContext- Root WebApplicationContext: initialization completed in 945 ms
INFO 2022-11-03 05:38:08,414 org.springframework.boot.web.servlet.context.ServletWebServerApplicationContext- Root WebApplicationContext: initialization completed in 945 ms
INFO 2022-11-03 05:38:08,486 org.hibernate.jpa.internal.util.LogHelper- HHH000204: Processing PersistenceUnitInfo [name: default]
INFO 2022-11-03 05:38:08,511 org.hibernate.Version- HHH000412: Hibernate ORM core version 5.6.11.Final
INFO 2022-11-03 05:38:08,597 org.hibernate.annotations.common.reflection.java.JavaReflectionManager- HCANN000001: Hibernate Commons Annotations {5.1.2.Final}
INFO 2022-11-03 05:38:08,650 com.zaxxer.hikari.HikariDataSource- HikariPool-1 - Starting...
INFO 2022-11-03 05:38:08,896 com.zaxxer.hikari.HikariDataSource- HikariPool-1 - Start completed.
INFO 2022-11-03 05:38:08,911 org.hibernate.dialect.Dialect- HHH000400: Using dialect: org.hibernate.dialect.MySQL8Dialect
INFO 2022-11-03 05:38:09,257 org.hibernate.engine.transaction.jta.platform.internal.JtaPlatformInitiator- HHH000490: Using JtaPlatform implementation: [org.hibernate.engine.transaction.jta.platform.internal.NoJtaPlatform]
INFO 2022-11-03 05:38:09,264 org.springframework.orm.jpa.AbstractEntityManagerFactoryBean- Initialized JPA EntityManagerFactory for persistence unit 'default'
INFO 2022-11-03 05:38:09,264 org.springframework.orm.jpa.AbstractEntityManagerFactoryBean- Initialized JPA EntityManagerFactory for persistence unit 'default'
WARN 2022-11-03 05:38:09,568 org.springframework.boot.autoconfigure.orm.jpa.JpaBaseConfiguration$JpaWebConfiguration- spring.jpa.open-in-view is enabled by default. Therefore, database queries may be performed during view rendering. Explicitly configure spring.jpa.open-in-view to disable this warning
WARN 2022-11-03 05:38:09,568 org.springframework.boot.autoconfigure.orm.jpa.JpaBaseConfiguration$JpaWebConfiguration- spring.jpa.open-in-view is enabled by default. Therefore, database queries may be performed during view rendering. Explicitly configure spring.jpa.open-in-view to disable this warning
INFO 2022-11-03 05:38:09,801 org.apache.juli.logging.DirectJDKLog- Starting ProtocolHandler ["http-nio-8080"]
INFO 2022-11-03 05:38:09,816 org.springframework.boot.web.embedded.tomcat.TomcatWebServer- Tomcat started on port(s): 8080 (http) with context path ''
INFO 2022-11-03 05:38:09,816 org.springframework.boot.web.embedded.tomcat.TomcatWebServer- Tomcat started on port(s): 8080 (http) with context path ''
INFO 2022-11-03 05:38:09,982 org.springframework.boot.StartupInfoLogger- Started EmployeeServiceApplication in 2.762 seconds (JVM running for 3.301)
INFO 2022-11-03 05:38:37,264 org.apache.juli.logging.DirectJDKLog- Initializing Spring DispatcherServlet 'dispatcherServlet'
INFO 2022-11-03 05:38:37,264 org.springframework.web.servlet.FrameworkServlet- Initializing Servlet 'dispatcherServlet'
INFO 2022-11-03 05:38:37,264 org.springframework.web.servlet.FrameworkServlet- Initializing Servlet 'dispatcherServlet'
INFO 2022-11-03 05:38:37,266 org.springframework.web.servlet.FrameworkServlet- Completed initialization in 2 ms
INFO 2022-11-03 05:38:37,266 org.springframework.web.servlet.FrameworkServlet- Completed initialization in 2 ms
